<?xml version="1.0" encoding="UTF-8"?>
<!-- Generated by org.testng.reporters.JUnitReportReporter -->
<testsuite hostname="DESKTOP-BJBJ0MB" failures="0" tests="3" name="testngpkg.Testngfeaturedemo" time="0.020" errors="0" timestamp="2024-04-11T16:31:12 IST" skipped="0">
  <testcase classname="testngpkg.Testngfeaturedemo" name="test2" time="0.013"/>
  <system-out/>
  <testcase classname="testngpkg.Testngfeaturedemo" name="test3" time="0.004"/>
  <system-out/>
  <testcase classname="testngpkg.Testngfeaturedemo" name="test1" time="0.003"/>
  <system-out/>
</testsuite> <!-- testngpkg.Testngfeaturedemo -->
