<?xml version="1.0" encoding="UTF-8"?>
<!-- Generated by org.testng.reporters.JUnitReportReporter -->
<testsuite hostname="DESKTOP-BJBJ0MB" failures="0" tests="1" name="testngpkg.Radiobuttoncheck" time="1.653" errors="0" timestamp="2024-04-12T12:38:37 IST" skipped="0">
  <testcase classname="testngpkg.Radiobuttoncheck" name="testradio" time="1.653"/>
  <system-out/>
</testsuite> <!-- testngpkg.Radiobuttoncheck -->
