<?xml version="1.0" encoding="UTF-8"?>
<!-- Generated by org.testng.reporters.JUnitReportReporter -->
<testsuite hostname="DESKTOP-BJBJ0MB" failures="0" tests="1" name="testngpkg.Switchbetweenbrowsers" time="35.058" errors="0" timestamp="2024-04-22T00:55:49 IST" skipped="0">
  <testcase classname="testngpkg.Switchbetweenbrowsers" name="test1" time="35.058"/>
  <system-out/>
</testsuite> <!-- testngpkg.Switchbetweenbrowsers -->
